2020-07-05 09:34:16 INFO  TestBase:25 - Initiate Browser
2020-07-05 09:34:38 INFO  TestBase:45 - Test name: Hi
2020-07-05 09:34:38 INFO  TestBase:59 - Executed test case name:Hi Execution Results : [TestResult name={null} status=CREATED method=LoginPage.Hi()[pri:0, instance:T1Page.SkillPage@4ac3c60d] output={null}]
2020-07-05 09:34:38 INFO  TestBase:52 - Closing Browser
2020-07-05 09:35:54 INFO  TestBase:25 - Initiate Browser
2020-07-05 09:36:03 INFO  TestBase:31 - Browser Initiated
2020-07-05 09:36:08 INFO  TestBase:45 - Test name: Hi
2020-07-05 09:36:08 INFO  TestBase:59 - Executed test case name:Hi Execution Results : [TestResult name={null} status=CREATED method=LoginPage.Hi()[pri:0, instance:T1Page.SkillPage@41e36e46] output={null}]
2020-07-05 09:36:08 INFO  TestBase:52 - Closing Browser
2020-07-05 09:36:11 INFO  TestBase:54 - Browser Closed
2020-07-05 09:38:45 INFO  TestBase:25 - Initiate Browser
2020-07-05 09:38:53 INFO  TestBase:31 - Browser Initiated
2020-07-05 09:38:58 INFO  TestBase:45 - Test name: Hi
2020-07-05 09:38:58 INFO  TestBase:59 - Executed test case name:Hi Execution Results : [TestResult name={null} status=CREATED method=LoginPage.Hi()[pri:0, instance:T1Page.SkillPage@41e36e46] output={null}]
2020-07-05 09:38:58 INFO  TestBase:52 - Closing Browser
2020-07-05 09:39:00 INFO  TestBase:54 - Browser Closed
2020-07-05 09:41:56 INFO  TestBase:25 - Initiate Browser
2020-07-05 09:42:05 INFO  TestBase:31 - Browser Initiated
2020-07-05 09:42:10 INFO  TestBase:45 - Test name: Hi
2020-07-05 09:42:10 INFO  TestBase:59 - Executed test case name:Hi Execution Results : [TestResult name=Hi status=FAILURE method=LoginPage.Hi()[pri:0, instance:T1Page.SkillPage@41e36e46] output={null}]
2020-07-05 09:42:10 INFO  TestBase:52 - Closing Browser
2020-07-05 09:42:12 INFO  TestBase:54 - Browser Closed
2020-07-05 09:44:47 INFO  TestBase:25 - Initiate Browser
2020-07-05 09:44:56 INFO  TestBase:31 - Browser Initiated
2020-07-05 09:45:01 INFO  TestBase:45 - Test name: Hi
2020-07-05 09:45:01 INFO  TestBase:59 - Executed test case name:Hi Execution Results : [TestResult name=Hi status=SUCCESS method=LoginPage.Hi()[pri:0, instance:T1Page.SkillPage@41e36e46] output={null}]
2020-07-05 09:45:01 INFO  TestBase:52 - Closing Browser
2020-07-05 09:45:03 INFO  TestBase:54 - Browser Closed
2020-07-05 09:45:54 INFO  TestBase:25 - Initiate Browser
2020-07-05 09:46:02 INFO  TestBase:31 - Browser Initiated
2020-07-05 09:46:09 INFO  TestBase:45 - Test name: Hi
2020-07-05 09:46:09 INFO  TestBase:59 - Executed test case name:Hi Execution Results : [TestResult name=Hi status=SUCCESS method=LoginPage.Hi()[pri:0, instance:T1Page.SkillPage@41e36e46] output={null}]
2020-07-05 09:46:09 INFO  TestBase:52 - Closing Browser
2020-07-05 09:46:11 INFO  TestBase:54 - Browser Closed
2020-07-05 09:46:47 INFO  TestBase:25 - Initiate Browser
2020-07-05 09:46:55 INFO  TestBase:31 - Browser Initiated
2020-07-05 09:47:00 INFO  TestBase:45 - Test name: Hi
2020-07-05 09:47:00 INFO  TestBase:59 - Executed test case name:Hi Execution Results : [TestResult name={null} status=CREATED method=LoginPage.Hi()[pri:0, instance:T1Page.SkillPage@41e36e46] output={null}]
2020-07-05 09:47:00 INFO  TestBase:52 - Closing Browser
2020-07-05 09:47:02 INFO  TestBase:54 - Browser Closed
2020-07-05 09:52:41 INFO  TestBase:25 - Initiate Browser
2020-07-05 09:52:49 INFO  TestBase:31 - Browser Initiated
2020-07-05 09:52:54 INFO  TestBase:45 - Test name: Hi
2020-07-05 09:52:55 INFO  TestBase:59 - Executed test case name:Hi Execution Results : [TestResult name=Hi status=FAILURE method=LoginPage.Hi()[pri:0, instance:T1Page.SkillPage@41e36e46] output={null}]
2020-07-05 09:52:55 INFO  TestBase:52 - Closing Browser
2020-07-05 09:52:57 INFO  TestBase:54 - Browser Closed
2020-07-05 09:53:32 INFO  TestBase:25 - Initiate Browser
2020-07-05 09:53:41 INFO  TestBase:31 - Browser Initiated
2020-07-05 09:53:45 INFO  TestBase:45 - Test name: Hi
2020-07-05 09:53:46 INFO  TestBase:59 - Executed test case name:Hi Execution Results : [TestResult name=Hi status=SUCCESS method=LoginPage.Hi()[pri:0, instance:T1Page.SkillPage@41e36e46] output={null}]
2020-07-05 09:53:46 INFO  TestBase:52 - Closing Browser
2020-07-05 09:53:48 INFO  TestBase:54 - Browser Closed
2020-07-05 09:56:40 INFO  TestBase:25 - Initiate Browser
2020-07-05 09:56:49 INFO  TestBase:31 - Browser Initiated
2020-07-05 09:56:54 INFO  TestBase:45 - Test name: Hi
2020-07-05 09:56:55 INFO  TestBase:59 - Executed test case name:Hi Execution Results : [TestResult name=Hi status=SUCCESS method=LoginPage.Hi()[pri:0, instance:T1Page.SkillPage@41e36e46] output={null}]
2020-07-05 09:56:55 INFO  TestBase:52 - Closing Browser
2020-07-05 09:56:58 INFO  TestBase:54 - Browser Closed
2020-07-05 10:03:02 INFO  TestBase:25 - Initiate Browser
2020-07-05 10:03:11 INFO  TestBase:31 - Browser Initiated
2020-07-05 10:03:17 INFO  TestBase:47 - Test name: Hi
2020-07-05 10:03:18 INFO  TestBase:61 - Executed test case name:Hi Execution Results : [TestResult name=Hi status=SUCCESS method=LoginPage.Hi()[pri:0, instance:T1Page.SkillPage@41e36e46] output={null}]
2020-07-05 10:03:19 INFO  TestBase:54 - Closing Browser
2020-07-05 10:03:21 INFO  TestBase:56 - Browser Closed
2020-07-05 10:45:14 INFO  TestBase:25 - Initiate Browser
2020-07-05 10:45:22 INFO  TestBase:31 - Browser Initiated
2020-07-05 10:45:29 INFO  TestBase:47 - Test name: Hi
2020-07-05 10:45:30 INFO  TestBase:61 - Executed test case name:Hi Execution Results : [TestResult name=Hi status=SUCCESS method=LoginPage.Hi()[pri:0, instance:T1Page.SkillPage@41e36e46] output={null}]
2020-07-05 10:45:30 INFO  TestBase:54 - Closing Browser
2020-07-05 10:45:32 INFO  TestBase:56 - Browser Closed
2020-07-05 10:52:58 INFO  TestBase:25 - Initiate Browser
2020-07-05 10:53:06 INFO  TestBase:31 - Browser Initiated
2020-07-05 10:53:12 INFO  TestBase:47 - Test name: Hi
2020-07-05 10:53:13 INFO  TestBase:61 - Executed test case name:Hi Execution Results : [TestResult name=Hi status=FAILURE method=LoginPage.Hi()[pri:0, instance:T1Page.SkillPage@41e36e46] output={null}]
2020-07-05 10:53:13 INFO  TestBase:54 - Closing Browser
2020-07-05 10:53:15 INFO  TestBase:56 - Browser Closed
2020-07-05 10:55:25 INFO  TestBase:25 - Initiate Browser
2020-07-05 10:55:33 INFO  TestBase:31 - Browser Initiated
2020-07-05 10:55:39 INFO  TestBase:47 - Test name: Hi
2020-07-05 10:55:40 INFO  TestBase:61 - Executed test case name:Hi Execution Results : [TestResult name=Hi status=FAILURE method=LoginPage.Hi()[pri:0, instance:T1Page.SkillPage@41e36e46] output={null}]
2020-07-05 10:55:40 INFO  TestBase:54 - Closing Browser
2020-07-05 10:55:42 INFO  TestBase:56 - Browser Closed
2020-07-05 10:56:29 INFO  TestBase:25 - Initiate Browser
2020-07-05 10:56:37 INFO  TestBase:31 - Browser Initiated
2020-07-05 10:56:44 INFO  TestBase:47 - Test name: Hi
2020-07-05 10:56:44 INFO  TestBase:61 - Executed test case name:Hi Execution Results : [TestResult name=Hi status=SUCCESS method=LoginPage.Hi()[pri:0, instance:T1Page.SkillPage@4facf68f] output={null}]
2020-07-05 10:56:44 INFO  TestBase:54 - Closing Browser
2020-07-05 10:56:47 INFO  TestBase:56 - Browser Closed
2020-07-05 10:58:57 INFO  TestBase:25 - Initiate Browser
2020-07-05 10:59:06 INFO  TestBase:31 - Browser Initiated
2020-07-05 10:59:12 INFO  TestBase:47 - Test name: Hi
2020-07-05 10:59:12 INFO  TestBase:61 - Executed test case name:Hi Execution Results : [TestResult name=Hi status=FAILURE method=LoginPage.Hi()[pri:0, instance:T1Page.SkillPage@41e36e46] output={null}]
2020-07-05 10:59:12 INFO  TestBase:54 - Closing Browser
2020-07-05 10:59:14 INFO  TestBase:56 - Browser Closed
2020-07-05 10:59:47 INFO  TestBase:25 - Initiate Browser
2020-07-05 10:59:56 INFO  TestBase:31 - Browser Initiated
2020-07-05 11:00:02 INFO  TestBase:47 - Test name: Hi
2020-07-05 11:00:02 INFO  TestBase:61 - Executed test case name:Hi Execution Results : [TestResult name=Hi status=FAILURE method=LoginPage.Hi()[pri:0, instance:T1Page.SkillPage@41e36e46] output={null}]
2020-07-05 11:00:02 INFO  TestBase:54 - Closing Browser
2020-07-05 11:00:04 INFO  TestBase:56 - Browser Closed
2020-07-05 11:00:52 INFO  TestBase:25 - Initiate Browser
2020-07-05 11:01:00 INFO  TestBase:31 - Browser Initiated
2020-07-05 11:01:07 INFO  TestBase:47 - Test name: Hi
2020-07-05 11:01:07 INFO  TestBase:61 - Executed test case name:Hi Execution Results : [TestResult name=Hi status=FAILURE method=LoginPage.Hi()[pri:0, instance:T1Page.SkillPage@41e36e46] output={null}]
2020-07-05 11:01:07 INFO  TestBase:54 - Closing Browser
2020-07-05 11:01:09 INFO  TestBase:56 - Browser Closed
2020-07-05 11:04:58 INFO  TestBase:25 - Initiate Browser
2020-07-05 11:05:07 INFO  TestBase:31 - Browser Initiated
2020-07-05 11:05:13 INFO  TestBase:47 - Test name: Hi
2020-07-05 11:05:13 INFO  TestBase:61 - Executed test case name:Hi Execution Results : [TestResult name=Hi status=FAILURE method=LoginPage.Hi()[pri:0, instance:T1Page.SkillPage@41e36e46] output={null}]
2020-07-05 11:05:13 INFO  TestBase:54 - Closing Browser
2020-07-05 11:05:15 INFO  TestBase:56 - Browser Closed
2020-07-05 11:06:23 INFO  TestBase:25 - Initiate Browser
2020-07-05 11:06:31 INFO  TestBase:31 - Browser Initiated
2020-07-05 11:06:37 INFO  TestBase:47 - Test name: Hi
2020-07-05 11:06:37 INFO  TestBase:61 - Executed test case name:Hi Execution Results : [TestResult name=Hi status=FAILURE method=LoginPage.Hi()[pri:0, instance:T1Page.SkillPage@41e36e46] output={null}]
2020-07-05 11:06:37 INFO  TestBase:54 - Closing Browser
2020-07-05 11:06:39 INFO  TestBase:56 - Browser Closed
2020-07-05 11:09:16 INFO  TestBase:25 - Initiate Browser
2020-07-05 11:09:25 INFO  TestBase:31 - Browser Initiated
2020-07-05 11:09:31 INFO  TestBase:47 - Test name: Hi
2020-07-05 11:09:31 INFO  TestBase:61 - Executed test case name:Hi Execution Results : [TestResult name=Hi status=FAILURE method=LoginPage.Hi()[pri:0, instance:T1Page.SkillPage@41e36e46] output={null}]
2020-07-05 11:09:31 INFO  TestBase:54 - Closing Browser
2020-07-05 11:09:33 INFO  TestBase:56 - Browser Closed
2020-07-05 11:09:53 INFO  TestBase:25 - Initiate Browser
2020-07-05 11:10:01 INFO  TestBase:31 - Browser Initiated
2020-07-05 11:10:08 INFO  TestBase:47 - Test name: Hi
2020-07-05 11:10:09 INFO  TestBase:61 - Executed test case name:Hi Execution Results : [TestResult name=Hi status=SUCCESS method=LoginPage.Hi()[pri:0, instance:T1Page.SkillPage@41e36e46] output={null}]
2020-07-05 11:10:09 INFO  TestBase:54 - Closing Browser
2020-07-05 11:10:11 INFO  TestBase:56 - Browser Closed
2020-07-05 11:13:20 INFO  TestBase:25 - Initiate Browser
2020-07-05 11:13:28 INFO  TestBase:31 - Browser Initiated
2020-07-05 11:13:34 INFO  TestBase:47 - Test name: Hi
2020-07-05 11:13:35 INFO  TestBase:61 - Executed test case name:Hi Execution Results : [TestResult name=Hi status=SUCCESS method=LoginPage.Hi()[pri:0, instance:T1Page.SkillPage@41e36e46] output={null}]
2020-07-05 11:13:35 INFO  TestBase:54 - Closing Browser
2020-07-05 11:13:38 INFO  TestBase:56 - Browser Closed
2020-07-05 11:16:45 INFO  TestBase:25 - Initiate Browser
2020-07-05 11:16:54 INFO  TestBase:31 - Browser Initiated
2020-07-05 11:17:01 INFO  TestBase:47 - Test name: Hi
2020-07-05 11:17:02 INFO  TestBase:61 - Executed test case name:Hi Execution Results : [TestResult name=Hi status=SUCCESS method=LoginPage.Hi()[pri:0, instance:T1Page.SkillPage@41e36e46] output={null}]
2020-07-05 11:17:02 INFO  TestBase:54 - Closing Browser
2020-07-05 11:17:04 INFO  TestBase:56 - Browser Closed
2020-07-05 11:53:37 INFO  TestBase:25 - Initiate Browser
2020-07-05 11:53:45 INFO  TestBase:31 - Browser Initiated
2020-07-05 11:53:51 INFO  TestBase:47 - Test name: Hi
2020-07-05 11:53:53 INFO  TestBase:61 - Executed test case name:Hi Execution Results : [TestResult name=Hi status=SUCCESS method=LoginPage.Hi()[pri:0, instance:T1Page.SkillPage@41e36e46] output={null}]
2020-07-05 11:53:53 INFO  TestBase:54 - Closing Browser
2020-07-05 11:53:55 INFO  TestBase:56 - Browser Closed
2020-07-05 11:57:51 INFO  TestBase:25 - Initiate Browser
2020-07-05 11:58:00 INFO  TestBase:31 - Browser Initiated
2020-07-05 11:58:06 INFO  TestBase:47 - Test name: Hi
2020-07-05 11:58:07 INFO  TestBase:61 - Executed test case name:Hi Execution Results : [TestResult name=Hi status=SUCCESS method=LoginPage.Hi()[pri:0, instance:T1Page.SkillPage@41e36e46] output={null}]
2020-07-05 11:58:07 INFO  TestBase:54 - Closing Browser
2020-07-05 11:58:10 INFO  TestBase:56 - Browser Closed
2020-07-05 11:58:52 INFO  TestBase:25 - Initiate Browser
2020-07-05 11:59:01 INFO  TestBase:31 - Browser Initiated
2020-07-05 11:59:07 INFO  TestBase:47 - Test name: Hi
2020-07-05 11:59:09 INFO  TestBase:61 - Executed test case name:Hi Execution Results : [TestResult name=Hi status=SUCCESS method=LoginPage.Hi()[pri:0, instance:T1Page.SkillPage@41e36e46] output={null}]
2020-07-05 11:59:09 INFO  TestBase:54 - Closing Browser
2020-07-05 11:59:11 INFO  TestBase:56 - Browser Closed
2020-07-05 12:00:23 INFO  TestBase:25 - Initiate Browser
2020-07-05 12:00:31 INFO  TestBase:31 - Browser Initiated
2020-07-05 12:00:38 INFO  TestBase:47 - Test name: Hi
2020-07-05 12:00:40 INFO  TestBase:61 - Executed test case name:Hi Execution Results : [TestResult name=Hi status=SUCCESS method=LoginPage.Hi()[pri:0, instance:T1Page.SkillPage@41e36e46] output={null}]
2020-07-05 12:00:40 INFO  TestBase:54 - Closing Browser
2020-07-05 12:00:42 INFO  TestBase:56 - Browser Closed
2020-07-05 12:08:00 INFO  TestBase:25 - Initiate Browser
2020-07-05 12:08:08 INFO  TestBase:31 - Browser Initiated
2020-07-05 12:08:14 INFO  TestBase:47 - Test name: Hi
2020-07-05 12:08:17 INFO  TestBase:61 - Executed test case name:Hi Execution Results : [TestResult name=Hi status=SUCCESS method=LoginPage.Hi()[pri:0, instance:T1Page.SkillPage@41e36e46] output={null}]
2020-07-05 12:08:17 INFO  TestBase:54 - Closing Browser
2020-07-05 12:08:20 INFO  TestBase:56 - Browser Closed
2020-07-05 12:21:14 INFO  Skill:21 - row = 4 columns = 2
2020-07-05 12:21:14 INFO  TestBase:25 - Initiate Browser
2020-07-05 12:21:23 INFO  TestBase:31 - Browser Initiated
2020-07-05 12:21:29 INFO  TestBase:47 - Test name: Hi
2020-07-05 12:21:33 INFO  TestBase:61 - Executed test case name:Hi Execution Results : [TestResult name=Hi status=SUCCESS method=LoginPage.Hi(java.lang.String, java.lang.String)[pri:0, instance:T1Page.SkillPage@15c43bd9] output={null}]
2020-07-05 12:21:33 INFO  TestBase:54 - Closing Browser
2020-07-05 12:21:35 INFO  TestBase:56 - Browser Closed
2020-07-05 12:21:35 INFO  TestBase:25 - Initiate Browser
2020-07-05 12:21:43 INFO  TestBase:31 - Browser Initiated
2020-07-05 12:21:49 INFO  TestBase:47 - Test name: Hi
2020-07-05 12:21:53 INFO  TestBase:61 - Executed test case name:Hi Execution Results : [TestResult name=Hi status=SUCCESS method=LoginPage.Hi(java.lang.String, java.lang.String)[pri:0, instance:T1Page.SkillPage@15c43bd9] output={null}]
2020-07-05 12:21:53 INFO  TestBase:54 - Closing Browser
2020-07-05 12:21:54 INFO  TestBase:56 - Browser Closed
2020-07-05 12:21:54 INFO  TestBase:25 - Initiate Browser
2020-07-05 12:22:02 INFO  TestBase:31 - Browser Initiated
2020-07-05 12:22:08 INFO  TestBase:47 - Test name: Hi
2020-07-05 12:22:11 INFO  TestBase:61 - Executed test case name:Hi Execution Results : [TestResult name=Hi status=SUCCESS method=LoginPage.Hi(java.lang.String, java.lang.String)[pri:0, instance:T1Page.SkillPage@15c43bd9] output={null}]
2020-07-05 12:22:11 INFO  TestBase:54 - Closing Browser
2020-07-05 12:22:13 INFO  TestBase:56 - Browser Closed
2020-07-05 12:22:13 INFO  TestBase:25 - Initiate Browser
2020-07-05 12:22:20 INFO  TestBase:31 - Browser Initiated
2020-07-05 12:22:27 INFO  TestBase:47 - Test name: Hi
2020-07-05 12:22:30 INFO  TestBase:61 - Executed test case name:Hi Execution Results : [TestResult name=Hi status=SUCCESS method=LoginPage.Hi(java.lang.String, java.lang.String)[pri:0, instance:T1Page.SkillPage@15c43bd9] output={null}]
2020-07-05 12:22:30 INFO  TestBase:54 - Closing Browser
2020-07-05 12:22:32 INFO  TestBase:56 - Browser Closed
2020-07-05 12:36:31 INFO  Skill:21 - row = 4 columns = 4
2020-07-05 12:36:31 INFO  TestBase:25 - Initiate Browser
2020-07-05 12:36:39 INFO  TestBase:31 - Browser Initiated
2020-07-05 12:36:46 INFO  TestBase:47 - Test name: Hi
2020-07-05 12:36:47 INFO  LoginPage:25 - Required
2020-07-05 12:36:47 INFO  TestBase:61 - Executed test case name:Hi Execution Results : [TestResult name=Hi status=FAILURE method=LoginPage.Hi(java.lang.String, java.lang.String, java.lang.String, java.lang.String)[pri:0, instance:T1Page.SkillPage@15c43bd9] output={null}]
2020-07-05 12:36:47 INFO  TestBase:54 - Closing Browser
2020-07-05 12:36:50 INFO  TestBase:56 - Browser Closed
2020-07-05 12:36:50 INFO  TestBase:25 - Initiate Browser
2020-07-05 12:36:57 INFO  TestBase:31 - Browser Initiated
2020-07-05 12:37:04 INFO  TestBase:47 - Test name: Hi
2020-07-05 12:37:05 INFO  LoginPage:25 - Required
2020-07-05 12:37:05 INFO  TestBase:61 - Executed test case name:Hi Execution Results : [TestResult name=Hi status=FAILURE method=LoginPage.Hi(java.lang.String, java.lang.String, java.lang.String, java.lang.String)[pri:0, instance:T1Page.SkillPage@15c43bd9] output={null}]
2020-07-05 12:37:05 INFO  TestBase:54 - Closing Browser
2020-07-05 12:37:07 INFO  TestBase:56 - Browser Closed
2020-07-05 12:37:07 INFO  TestBase:25 - Initiate Browser
2020-07-05 12:37:14 INFO  TestBase:31 - Browser Initiated
2020-07-05 12:37:20 INFO  TestBase:47 - Test name: Hi
2020-07-05 12:37:22 INFO  LoginPage:23 - VeryGood
2020-07-05 12:37:23 INFO  TestBase:61 - Executed test case name:Hi Execution Results : [TestResult name=Hi status=SUCCESS method=LoginPage.Hi(java.lang.String, java.lang.String, java.lang.String, java.lang.String)[pri:0, instance:T1Page.SkillPage@15c43bd9] output={null}]
2020-07-05 12:37:23 INFO  TestBase:54 - Closing Browser
2020-07-05 12:37:25 INFO  TestBase:56 - Browser Closed
2020-07-05 12:37:25 INFO  TestBase:25 - Initiate Browser
2020-07-05 12:37:33 INFO  TestBase:31 - Browser Initiated
2020-07-05 12:37:39 INFO  TestBase:47 - Test name: Hi
2020-07-05 12:37:41 INFO  LoginPage:23 - VeryGood
2020-07-05 12:37:43 INFO  TestBase:61 - Executed test case name:Hi Execution Results : [TestResult name=Hi status=SUCCESS method=LoginPage.Hi(java.lang.String, java.lang.String, java.lang.String, java.lang.String)[pri:0, instance:T1Page.SkillPage@15c43bd9] output={null}]
2020-07-05 12:37:43 INFO  TestBase:54 - Closing Browser
2020-07-05 12:37:44 INFO  TestBase:56 - Browser Closed
2020-07-05 12:41:32 INFO  Skill:21 - row = 8 columns = 4
2020-07-05 12:41:49 INFO  Skill:21 - row = 8 columns = 4
2020-07-05 12:42:47 INFO  Skill:21 - row = 8 columns = 4
2020-07-05 12:43:38 INFO  Skill:21 - row = 8 columns = 4
2020-07-05 12:44:42 INFO  Skill:21 - row = 8 columns = 4
2020-07-05 12:45:28 INFO  Skill:21 - row = 8 columns = 4
2020-07-05 12:45:48 INFO  Skill:21 - row = 8 columns = 4
2020-07-05 12:47:32 INFO  Skill:21 - row = 4 columns = 4
2020-07-05 12:47:32 INFO  TestBase:25 - Initiate Browser
2020-07-05 12:47:40 INFO  TestBase:31 - Browser Initiated
2020-07-05 12:47:47 INFO  TestBase:47 - Test name: Hi
2020-07-05 12:47:50 INFO  TestBase:61 - Executed test case name:Hi Execution Results : [TestResult name=Hi status=SUCCESS method=LoginPage.Hi(java.lang.String, java.lang.String, java.lang.String, java.lang.String)[pri:0, instance:T1Page.SkillPage@15c43bd9] output={null}]
2020-07-05 12:47:50 INFO  TestBase:54 - Closing Browser
2020-07-05 12:47:52 INFO  TestBase:56 - Browser Closed
2020-07-05 12:47:52 INFO  TestBase:25 - Initiate Browser
2020-07-05 12:48:00 INFO  TestBase:31 - Browser Initiated
2020-07-05 12:48:06 INFO  TestBase:47 - Test name: Hi
2020-07-05 12:48:07 INFO  TestBase:61 - Executed test case name:Hi Execution Results : [TestResult name=Hi status=FAILURE method=LoginPage.Hi(java.lang.String, java.lang.String, java.lang.String, java.lang.String)[pri:0, instance:T1Page.SkillPage@15c43bd9] output={null}]
2020-07-05 12:48:07 INFO  TestBase:54 - Closing Browser
2020-07-05 12:48:10 INFO  TestBase:56 - Browser Closed
2020-07-05 12:48:10 INFO  TestBase:25 - Initiate Browser
2020-07-05 12:48:17 INFO  TestBase:31 - Browser Initiated
2020-07-05 12:48:23 INFO  TestBase:47 - Test name: Hi
2020-07-05 12:48:26 INFO  TestBase:61 - Executed test case name:Hi Execution Results : [TestResult name=Hi status=SUCCESS method=LoginPage.Hi(java.lang.String, java.lang.String, java.lang.String, java.lang.String)[pri:0, instance:T1Page.SkillPage@15c43bd9] output={null}]
2020-07-05 12:48:26 INFO  TestBase:54 - Closing Browser
2020-07-05 12:48:28 INFO  TestBase:56 - Browser Closed
2020-07-05 12:48:28 INFO  TestBase:25 - Initiate Browser
2020-07-05 12:48:36 INFO  TestBase:31 - Browser Initiated
2020-07-05 12:48:42 INFO  TestBase:47 - Test name: Hi
2020-07-05 12:48:46 INFO  TestBase:61 - Executed test case name:Hi Execution Results : [TestResult name=Hi status=SUCCESS method=LoginPage.Hi(java.lang.String, java.lang.String, java.lang.String, java.lang.String)[pri:0, instance:T1Page.SkillPage@15c43bd9] output={null}]
2020-07-05 12:48:46 INFO  TestBase:54 - Closing Browser
2020-07-05 12:48:47 INFO  TestBase:56 - Browser Closed
2020-07-05 12:51:35 INFO  Skill:21 - row = 4 columns = 4
2020-07-05 12:51:35 INFO  TestBase:25 - Initiate Browser
2020-07-05 12:51:44 INFO  TestBase:31 - Browser Initiated
2020-07-05 12:51:50 INFO  TestBase:47 - Test name: Hi
2020-07-05 12:51:52 INFO  LoginPage:29 - Required
2020-07-05 12:51:53 INFO  TestBase:61 - Executed test case name:Hi Execution Results : [TestResult name=Hi status=SUCCESS method=LoginPage.Hi(java.lang.String, java.lang.String, java.lang.String, java.lang.String)[pri:0, instance:T1Page.SkillPage@15c43bd9] output={null}]
2020-07-05 12:51:53 INFO  TestBase:54 - Closing Browser
2020-07-05 12:51:55 INFO  TestBase:56 - Browser Closed
2020-07-05 12:51:55 INFO  TestBase:25 - Initiate Browser
2020-07-05 12:52:03 INFO  TestBase:31 - Browser Initiated
2020-07-05 12:52:09 INFO  TestBase:47 - Test name: Hi
2020-07-05 12:52:10 INFO  LoginPage:29 - Required
2020-07-05 12:52:10 INFO  TestBase:61 - Executed test case name:Hi Execution Results : [TestResult name=Hi status=FAILURE method=LoginPage.Hi(java.lang.String, java.lang.String, java.lang.String, java.lang.String)[pri:0, instance:T1Page.SkillPage@15c43bd9] output={null}]
2020-07-05 12:52:10 INFO  TestBase:54 - Closing Browser
2020-07-05 12:52:12 INFO  TestBase:56 - Browser Closed
2020-07-05 12:52:12 INFO  TestBase:25 - Initiate Browser
2020-07-05 12:52:19 INFO  TestBase:31 - Browser Initiated
2020-07-05 12:52:26 INFO  TestBase:47 - Test name: Hi
2020-07-05 12:52:28 INFO  LoginPage:23 - VeryGood
2020-07-05 12:52:29 INFO  TestBase:61 - Executed test case name:Hi Execution Results : [TestResult name=Hi status=SUCCESS method=LoginPage.Hi(java.lang.String, java.lang.String, java.lang.String, java.lang.String)[pri:0, instance:T1Page.SkillPage@15c43bd9] output={null}]
2020-07-05 12:52:29 INFO  TestBase:54 - Closing Browser
2020-07-05 12:52:31 INFO  TestBase:56 - Browser Closed
2020-07-05 12:52:31 INFO  TestBase:25 - Initiate Browser
2020-07-05 12:52:38 INFO  TestBase:31 - Browser Initiated
2020-07-05 12:52:44 INFO  TestBase:47 - Test name: Hi
2020-07-05 12:52:47 INFO  LoginPage:23 - VeryGood
2020-07-05 12:52:48 INFO  TestBase:61 - Executed test case name:Hi Execution Results : [TestResult name=Hi status=SUCCESS method=LoginPage.Hi(java.lang.String, java.lang.String, java.lang.String, java.lang.String)[pri:0, instance:T1Page.SkillPage@15c43bd9] output={null}]
2020-07-05 12:52:48 INFO  TestBase:54 - Closing Browser
2020-07-05 12:52:49 INFO  TestBase:56 - Browser Closed
2020-07-05 12:53:28 INFO  Skill:21 - row = 4 columns = 4
2020-07-05 12:53:28 INFO  TestBase:25 - Initiate Browser
2020-07-05 12:53:36 INFO  TestBase:31 - Browser Initiated
2020-07-05 12:53:42 INFO  TestBase:47 - Test name: Hi
2020-07-05 12:53:44 INFO  LoginPage:29 - Required
2020-07-05 12:53:44 INFO  TestBase:61 - Executed test case name:Hi Execution Results : [TestResult name=Hi status=SUCCESS method=LoginPage.Hi(java.lang.String, java.lang.String, java.lang.String, java.lang.String)[pri:0, instance:T1Page.SkillPage@15c43bd9] output={null}]
2020-07-05 12:53:44 INFO  TestBase:54 - Closing Browser
2020-07-05 12:53:47 INFO  TestBase:56 - Browser Closed
2020-07-05 12:53:47 INFO  TestBase:25 - Initiate Browser
2020-07-05 12:53:54 INFO  TestBase:31 - Browser Initiated
2020-07-05 12:54:00 INFO  TestBase:47 - Test name: Hi
2020-07-05 12:54:01 INFO  LoginPage:29 - Required
2020-07-05 12:54:01 INFO  TestBase:61 - Executed test case name:Hi Execution Results : [TestResult name=Hi status=SUCCESS method=LoginPage.Hi(java.lang.String, java.lang.String, java.lang.String, java.lang.String)[pri:0, instance:T1Page.SkillPage@15c43bd9] output={null}]
2020-07-05 12:54:01 INFO  TestBase:54 - Closing Browser
2020-07-05 12:54:03 INFO  TestBase:56 - Browser Closed
2020-07-05 12:54:03 INFO  TestBase:25 - Initiate Browser
2020-07-05 12:54:10 INFO  TestBase:31 - Browser Initiated
2020-07-05 12:54:17 INFO  TestBase:47 - Test name: Hi
2020-07-05 12:54:19 INFO  LoginPage:23 - VeryGood
2020-07-05 12:54:19 INFO  TestBase:61 - Executed test case name:Hi Execution Results : [TestResult name=Hi status=SUCCESS method=LoginPage.Hi(java.lang.String, java.lang.String, java.lang.String, java.lang.String)[pri:0, instance:T1Page.SkillPage@15c43bd9] output={null}]
2020-07-05 12:54:19 INFO  TestBase:54 - Closing Browser
2020-07-05 12:54:21 INFO  TestBase:56 - Browser Closed
2020-07-05 12:54:21 INFO  TestBase:25 - Initiate Browser
2020-07-05 12:54:28 INFO  TestBase:31 - Browser Initiated
2020-07-05 12:54:34 INFO  TestBase:47 - Test name: Hi
2020-07-05 12:54:37 INFO  LoginPage:23 - VeryGood
2020-07-05 12:54:37 INFO  TestBase:61 - Executed test case name:Hi Execution Results : [TestResult name=Hi status=SUCCESS method=LoginPage.Hi(java.lang.String, java.lang.String, java.lang.String, java.lang.String)[pri:0, instance:T1Page.SkillPage@15c43bd9] output={null}]
2020-07-05 12:54:37 INFO  TestBase:54 - Closing Browser
2020-07-05 12:54:38 INFO  TestBase:56 - Browser Closed
2020-07-05 12:55:27 INFO  Skill:21 - row = 4 columns = 4
2020-07-05 12:55:27 INFO  TestBase:25 - Initiate Browser
2020-07-05 12:55:35 INFO  TestBase:31 - Browser Initiated
2020-07-05 12:55:41 INFO  TestBase:47 - Test name: Hi
2020-07-05 12:55:44 INFO  LoginPage:29 - Required
2020-07-05 12:55:44 INFO  TestBase:61 - Executed test case name:Hi Execution Results : [TestResult name=Hi status=SUCCESS method=LoginPage.Hi(java.lang.String, java.lang.String, java.lang.String, java.lang.String)[pri:0, instance:T1Page.SkillPage@15c43bd9] output={null}]
2020-07-05 12:55:44 INFO  TestBase:54 - Closing Browser
2020-07-05 12:55:46 INFO  TestBase:56 - Browser Closed
2020-07-05 12:55:46 INFO  TestBase:25 - Initiate Browser
2020-07-05 12:55:53 INFO  TestBase:31 - Browser Initiated
2020-07-05 12:55:59 INFO  TestBase:47 - Test name: Hi
2020-07-05 12:56:01 INFO  LoginPage:29 - Required
2020-07-05 12:56:01 INFO  TestBase:61 - Executed test case name:Hi Execution Results : [TestResult name=Hi status=SUCCESS method=LoginPage.Hi(java.lang.String, java.lang.String, java.lang.String, java.lang.String)[pri:0, instance:T1Page.SkillPage@15c43bd9] output={null}]
2020-07-05 12:56:01 INFO  TestBase:54 - Closing Browser
2020-07-05 12:56:02 INFO  TestBase:56 - Browser Closed
2020-07-05 12:56:02 INFO  TestBase:25 - Initiate Browser
2020-07-05 12:56:10 INFO  TestBase:31 - Browser Initiated
2020-07-05 12:56:16 INFO  TestBase:47 - Test name: Hi
2020-07-05 12:56:18 INFO  LoginPage:23 - VeryGood
2020-07-05 12:56:18 INFO  TestBase:61 - Executed test case name:Hi Execution Results : [TestResult name=Hi status=SUCCESS method=LoginPage.Hi(java.lang.String, java.lang.String, java.lang.String, java.lang.String)[pri:0, instance:T1Page.SkillPage@15c43bd9] output={null}]
2020-07-05 12:56:18 INFO  TestBase:54 - Closing Browser
2020-07-05 12:56:20 INFO  TestBase:56 - Browser Closed
2020-07-05 12:56:20 INFO  TestBase:25 - Initiate Browser
2020-07-05 12:56:27 INFO  TestBase:31 - Browser Initiated
2020-07-05 12:56:34 INFO  TestBase:47 - Test name: Hi
2020-07-05 12:56:36 INFO  LoginPage:23 - VeryGood
2020-07-05 12:56:36 INFO  TestBase:61 - Executed test case name:Hi Execution Results : [TestResult name=Hi status=SUCCESS method=LoginPage.Hi(java.lang.String, java.lang.String, java.lang.String, java.lang.String)[pri:0, instance:T1Page.SkillPage@15c43bd9] output={null}]
2020-07-05 12:56:36 INFO  TestBase:54 - Closing Browser
2020-07-05 12:56:38 INFO  TestBase:56 - Browser Closed
2020-07-05 13:04:01 INFO  Skill:21 - row = 4 columns = 4
2020-07-05 13:04:01 INFO  TestBase:25 - Initiate Browser
2020-07-05 13:04:09 INFO  TestBase:31 - Browser Initiated
2020-07-05 13:04:16 INFO  TestBase:47 - Test name: Hi
2020-07-05 13:04:18 INFO  TestBase:61 - Executed test case name:Hi Execution Results : [TestResult name=Hi status=FAILURE method=LoginPage.Hi(java.lang.String, java.lang.String, java.lang.String, java.lang.String)[pri:0, instance:T1Page.SkillPage@15c43bd9] output={null}]
2020-07-05 13:04:18 INFO  TestBase:54 - Closing Browser
2020-07-05 13:04:20 INFO  TestBase:56 - Browser Closed
2020-07-05 13:04:20 INFO  TestBase:25 - Initiate Browser
2020-07-05 13:04:28 INFO  TestBase:31 - Browser Initiated
2020-07-05 13:04:34 INFO  TestBase:47 - Test name: Hi
2020-07-05 13:04:35 INFO  LoginPage:28 - Required
2020-07-05 13:04:35 INFO  TestBase:61 - Executed test case name:Hi Execution Results : [TestResult name=Hi status=FAILURE method=LoginPage.Hi(java.lang.String, java.lang.String, java.lang.String, java.lang.String)[pri:0, instance:T1Page.SkillPage@15c43bd9] output={null}]
2020-07-05 13:04:35 INFO  TestBase:54 - Closing Browser
2020-07-05 13:04:37 INFO  TestBase:56 - Browser Closed
2020-07-05 13:04:37 INFO  TestBase:25 - Initiate Browser
2020-07-05 13:04:44 INFO  TestBase:31 - Browser Initiated
2020-07-05 13:04:51 INFO  TestBase:47 - Test name: Hi
2020-07-05 13:04:53 INFO  LoginPage:23 - VeryGood
2020-07-05 13:04:54 INFO  TestBase:61 - Executed test case name:Hi Execution Results : [TestResult name=Hi status=SUCCESS method=LoginPage.Hi(java.lang.String, java.lang.String, java.lang.String, java.lang.String)[pri:0, instance:T1Page.SkillPage@15c43bd9] output={null}]
2020-07-05 13:04:54 INFO  TestBase:54 - Closing Browser
2020-07-05 13:04:56 INFO  TestBase:56 - Browser Closed
2020-07-05 13:04:56 INFO  TestBase:25 - Initiate Browser
2020-07-05 13:05:03 INFO  TestBase:31 - Browser Initiated
2020-07-05 13:05:09 INFO  TestBase:47 - Test name: Hi
2020-07-05 13:05:11 INFO  LoginPage:23 - VeryGood
2020-07-05 13:05:12 INFO  TestBase:61 - Executed test case name:Hi Execution Results : [TestResult name=Hi status=SUCCESS method=LoginPage.Hi(java.lang.String, java.lang.String, java.lang.String, java.lang.String)[pri:0, instance:T1Page.SkillPage@15c43bd9] output={null}]
2020-07-05 13:05:12 INFO  TestBase:54 - Closing Browser
2020-07-05 13:05:14 INFO  TestBase:56 - Browser Closed
2020-07-05 13:08:06 INFO  Skill:21 - row = 4 columns = 4
2020-07-05 13:08:06 INFO  TestBase:25 - Initiate Browser
2020-07-05 13:08:14 INFO  TestBase:31 - Browser Initiated
2020-07-05 13:08:21 INFO  TestBase:47 - Test name: Hi
2020-07-05 13:08:23 INFO  TestBase:61 - Executed test case name:Hi Execution Results : [TestResult name=Hi status=FAILURE method=LoginPage.Hi(java.lang.String, java.lang.String, java.lang.String, java.lang.String)[pri:0, instance:T1Page.SkillPage@15c43bd9] output={null}]
2020-07-05 13:08:23 INFO  TestBase:54 - Closing Browser
2020-07-05 13:08:25 INFO  TestBase:56 - Browser Closed
2020-07-05 13:08:25 INFO  TestBase:25 - Initiate Browser
2020-07-05 13:08:33 INFO  TestBase:31 - Browser Initiated
2020-07-05 13:08:39 INFO  TestBase:47 - Test name: Hi
2020-07-05 13:08:40 INFO  LoginPage:28 - Required
2020-07-05 13:08:40 INFO  TestBase:61 - Executed test case name:Hi Execution Results : [TestResult name=Hi status=FAILURE method=LoginPage.Hi(java.lang.String, java.lang.String, java.lang.String, java.lang.String)[pri:0, instance:T1Page.SkillPage@15c43bd9] output={null}]
2020-07-05 13:08:40 INFO  TestBase:54 - Closing Browser
2020-07-05 13:08:42 INFO  TestBase:56 - Browser Closed
2020-07-05 13:08:42 INFO  TestBase:25 - Initiate Browser
2020-07-05 13:08:50 INFO  TestBase:31 - Browser Initiated
2020-07-05 13:08:56 INFO  TestBase:47 - Test name: Hi
2020-07-05 13:09:10 INFO  Skill:21 - row = 4 columns = 4
2020-07-05 13:09:11 INFO  TestBase:25 - Initiate Browser
2020-07-05 13:09:19 INFO  TestBase:31 - Browser Initiated
2020-07-05 13:09:25 INFO  TestBase:47 - Test name: Hi
2020-07-05 13:09:27 INFO  TestBase:61 - Executed test case name:Hi Execution Results : [TestResult name=Hi status=FAILURE method=LoginPage.Hi(java.lang.String, java.lang.String, java.lang.String, java.lang.String)[pri:0, instance:T1Page.SkillPage@3d74bf60] output={null}]
2020-07-05 13:09:27 INFO  TestBase:54 - Closing Browser
2020-07-05 13:09:29 INFO  TestBase:56 - Browser Closed
2020-07-05 13:09:29 INFO  TestBase:25 - Initiate Browser
2020-07-05 13:09:34 INFO  TestBase:31 - Browser Initiated
2020-07-05 13:09:34 INFO  TestBase:47 - Test name: Hi
2020-07-05 13:09:34 INFO  TestBase:61 - Executed test case name:Hi Execution Results : [TestResult name={null} status=CREATED method=LoginPage.Hi(java.lang.String, java.lang.String, java.lang.String, java.lang.String)[pri:0, instance:T1Page.SkillPage@3d74bf60] output={null}]
2020-07-05 13:09:34 INFO  TestBase:54 - Closing Browser
2020-07-05 13:09:36 INFO  TestBase:56 - Browser Closed
2020-07-05 13:09:36 INFO  TestBase:25 - Initiate Browser
2020-07-05 13:11:16 INFO  Skill:21 - row = 4 columns = 4
2020-07-05 13:11:16 INFO  TestBase:25 - Initiate Browser
2020-07-05 13:11:25 INFO  TestBase:31 - Browser Initiated
2020-07-05 13:11:31 INFO  TestBase:47 - Test name: Hi
2020-07-05 13:11:32 INFO  LoginPage:28 - Required
2020-07-05 13:11:32 INFO  TestBase:61 - Executed test case name:Hi Execution Results : [TestResult name=Hi status=SUCCESS method=LoginPage.Hi(java.lang.String, java.lang.String, java.lang.String, java.lang.String)[pri:0, instance:T1Page.SkillPage@15c43bd9] output={null}]
2020-07-05 13:11:32 INFO  TestBase:54 - Closing Browser
2020-07-05 13:11:34 INFO  TestBase:56 - Browser Closed
2020-07-05 13:11:34 INFO  TestBase:25 - Initiate Browser
2020-07-05 13:11:41 INFO  TestBase:31 - Browser Initiated
2020-07-05 13:11:47 INFO  TestBase:47 - Test name: Hi
2020-07-05 13:11:48 INFO  LoginPage:28 - Required
2020-07-05 13:11:48 INFO  TestBase:61 - Executed test case name:Hi Execution Results : [TestResult name=Hi status=SUCCESS method=LoginPage.Hi(java.lang.String, java.lang.String, java.lang.String, java.lang.String)[pri:0, instance:T1Page.SkillPage@15c43bd9] output={null}]
2020-07-05 13:11:48 INFO  TestBase:54 - Closing Browser
2020-07-05 13:11:50 INFO  TestBase:56 - Browser Closed
2020-07-05 13:11:50 INFO  TestBase:25 - Initiate Browser
2020-07-05 13:11:58 INFO  TestBase:31 - Browser Initiated
2020-07-05 13:12:04 INFO  TestBase:47 - Test name: Hi
2020-07-05 13:12:06 INFO  LoginPage:23 - VeryGood
2020-07-05 13:12:06 INFO  TestBase:61 - Executed test case name:Hi Execution Results : [TestResult name=Hi status=SUCCESS method=LoginPage.Hi(java.lang.String, java.lang.String, java.lang.String, java.lang.String)[pri:0, instance:T1Page.SkillPage@15c43bd9] output={null}]
2020-07-05 13:12:06 INFO  TestBase:54 - Closing Browser
2020-07-05 13:12:08 INFO  TestBase:56 - Browser Closed
2020-07-05 13:12:08 INFO  TestBase:25 - Initiate Browser
2020-07-05 13:12:16 INFO  TestBase:31 - Browser Initiated
2020-07-05 13:12:22 INFO  TestBase:47 - Test name: Hi
2020-07-05 13:12:24 INFO  LoginPage:23 - VeryGood
2020-07-05 13:12:24 INFO  TestBase:61 - Executed test case name:Hi Execution Results : [TestResult name=Hi status=SUCCESS method=LoginPage.Hi(java.lang.String, java.lang.String, java.lang.String, java.lang.String)[pri:0, instance:T1Page.SkillPage@15c43bd9] output={null}]
2020-07-05 13:12:24 INFO  TestBase:54 - Closing Browser
2020-07-05 13:12:26 INFO  TestBase:56 - Browser Closed
2020-07-05 13:18:14 INFO  Skill:21 - row = 4 columns = 4
2020-07-05 13:18:14 INFO  TestBase:25 - Initiate Browser
2020-07-05 13:18:23 INFO  TestBase:31 - Browser Initiated
2020-07-05 13:18:29 INFO  TestBase:47 - Test name: Hi
2020-07-05 13:18:30 INFO  LoginPage:29 - Required
2020-07-05 13:18:30 INFO  LoginPage:30 - Required
2020-07-05 13:18:30 INFO  TestBase:61 - Executed test case name:Hi Execution Results : [TestResult name=Hi status=SUCCESS method=LoginPage.Hi(java.lang.String, java.lang.String, java.lang.String, java.lang.String)[pri:0, instance:T1Page.SkillPage@15c43bd9] output={null}]
2020-07-05 13:18:30 INFO  TestBase:54 - Closing Browser
2020-07-05 13:18:32 INFO  TestBase:56 - Browser Closed
2020-07-05 13:18:32 INFO  TestBase:25 - Initiate Browser
2020-07-05 13:18:40 INFO  TestBase:31 - Browser Initiated
2020-07-05 13:18:46 INFO  TestBase:47 - Test name: Hi
2020-07-05 13:18:47 INFO  LoginPage:29 - Required
2020-07-05 13:18:47 INFO  LoginPage:30 - Required
2020-07-05 13:18:47 INFO  TestBase:61 - Executed test case name:Hi Execution Results : [TestResult name=Hi status=SUCCESS method=LoginPage.Hi(java.lang.String, java.lang.String, java.lang.String, java.lang.String)[pri:0, instance:T1Page.SkillPage@15c43bd9] output={null}]
2020-07-05 13:18:47 INFO  TestBase:54 - Closing Browser
2020-07-05 13:18:49 INFO  TestBase:56 - Browser Closed
2020-07-05 13:18:49 INFO  TestBase:25 - Initiate Browser
2020-07-05 13:18:56 INFO  TestBase:31 - Browser Initiated
2020-07-05 13:19:03 INFO  TestBase:47 - Test name: Hi
2020-07-05 13:19:04 INFO  LoginPage:23 - VeryGood
2020-07-05 13:19:04 INFO  TestBase:61 - Executed test case name:Hi Execution Results : [TestResult name=Hi status=SUCCESS method=LoginPage.Hi(java.lang.String, java.lang.String, java.lang.String, java.lang.String)[pri:0, instance:T1Page.SkillPage@15c43bd9] output={null}]
2020-07-05 13:19:04 INFO  TestBase:54 - Closing Browser
2020-07-05 13:19:06 INFO  TestBase:56 - Browser Closed
2020-07-05 13:19:06 INFO  TestBase:25 - Initiate Browser
2020-07-05 13:19:14 INFO  TestBase:31 - Browser Initiated
2020-07-05 13:19:20 INFO  TestBase:47 - Test name: Hi
2020-07-05 13:19:21 INFO  LoginPage:23 - VeryGood
2020-07-05 13:19:21 INFO  TestBase:61 - Executed test case name:Hi Execution Results : [TestResult name=Hi status=SUCCESS method=LoginPage.Hi(java.lang.String, java.lang.String, java.lang.String, java.lang.String)[pri:0, instance:T1Page.SkillPage@15c43bd9] output={null}]
2020-07-05 13:19:21 INFO  TestBase:54 - Closing Browser
2020-07-05 13:19:23 INFO  TestBase:56 - Browser Closed
2020-07-05 13:24:47 INFO  Skill:21 - row = 4 columns = 4
2020-07-05 13:24:47 INFO  TestBase:25 - Initiate Browser
2020-07-05 13:24:55 INFO  TestBase:31 - Browser Initiated
2020-07-05 13:25:02 INFO  TestBase:47 - Test name: Hi
2020-07-05 13:25:03 INFO  LoginPage:33 - Required
2020-07-05 13:25:03 INFO  TestBase:61 - Executed test case name:Hi Execution Results : [TestResult name=Hi status=SUCCESS method=LoginPage.Hi(java.lang.String, java.lang.String, java.lang.String, java.lang.String)[pri:0, instance:T1Page.SkillPage@15c43bd9] output={null}]
2020-07-05 13:25:03 INFO  TestBase:54 - Closing Browser
2020-07-05 13:25:05 INFO  TestBase:56 - Browser Closed
2020-07-05 13:25:05 INFO  TestBase:25 - Initiate Browser
2020-07-05 13:25:12 INFO  TestBase:31 - Browser Initiated
2020-07-05 13:25:19 INFO  TestBase:47 - Test name: Hi
2020-07-05 13:25:20 INFO  LoginPage:33 - Required
2020-07-05 13:25:20 INFO  TestBase:61 - Executed test case name:Hi Execution Results : [TestResult name=Hi status=SUCCESS method=LoginPage.Hi(java.lang.String, java.lang.String, java.lang.String, java.lang.String)[pri:0, instance:T1Page.SkillPage@15c43bd9] output={null}]
2020-07-05 13:25:20 INFO  TestBase:54 - Closing Browser
2020-07-05 13:25:22 INFO  TestBase:56 - Browser Closed
2020-07-05 13:25:22 INFO  TestBase:25 - Initiate Browser
2020-07-05 13:25:29 INFO  TestBase:31 - Browser Initiated
2020-07-05 13:25:36 INFO  TestBase:47 - Test name: Hi
2020-07-05 13:25:37 INFO  LoginPage:23 - VeryGood
2020-07-05 13:25:37 INFO  TestBase:61 - Executed test case name:Hi Execution Results : [TestResult name=Hi status=SUCCESS method=LoginPage.Hi(java.lang.String, java.lang.String, java.lang.String, java.lang.String)[pri:0, instance:T1Page.SkillPage@15c43bd9] output={null}]
2020-07-05 13:25:37 INFO  TestBase:54 - Closing Browser
2020-07-05 13:25:39 INFO  TestBase:56 - Browser Closed
2020-07-05 13:25:39 INFO  TestBase:25 - Initiate Browser
2020-07-05 13:25:47 INFO  TestBase:31 - Browser Initiated
2020-07-05 13:25:53 INFO  TestBase:47 - Test name: Hi
2020-07-05 13:25:54 INFO  LoginPage:23 - VeryGood
2020-07-05 13:25:54 INFO  TestBase:61 - Executed test case name:Hi Execution Results : [TestResult name=Hi status=SUCCESS method=LoginPage.Hi(java.lang.String, java.lang.String, java.lang.String, java.lang.String)[pri:0, instance:T1Page.SkillPage@15c43bd9] output={null}]
2020-07-05 13:25:54 INFO  TestBase:54 - Closing Browser
2020-07-05 13:25:56 INFO  TestBase:56 - Browser Closed
2020-07-05 13:27:17 INFO  Skill:21 - row = 4 columns = 4
2020-07-05 13:27:17 INFO  TestBase:25 - Initiate Browser
2020-07-05 13:27:26 INFO  TestBase:31 - Browser Initiated
2020-07-05 13:27:32 INFO  TestBase:47 - Test name: Hi
2020-07-05 13:27:33 INFO  LoginPage:32 - Required
2020-07-05 13:27:33 INFO  TestBase:61 - Executed test case name:Hi Execution Results : [TestResult name=Hi status=SUCCESS method=LoginPage.Hi(java.lang.String, java.lang.String, java.lang.String, java.lang.String)[pri:0, instance:T1Page.SkillPage@15c43bd9] output={null}]
2020-07-05 13:27:33 INFO  TestBase:54 - Closing Browser
2020-07-05 13:27:35 INFO  TestBase:56 - Browser Closed
2020-07-05 13:27:35 INFO  TestBase:25 - Initiate Browser
2020-07-05 13:27:43 INFO  TestBase:31 - Browser Initiated
2020-07-05 13:27:49 INFO  TestBase:47 - Test name: Hi
2020-07-05 13:27:50 INFO  LoginPage:32 - Required
2020-07-05 13:27:50 INFO  TestBase:61 - Executed test case name:Hi Execution Results : [TestResult name=Hi status=SUCCESS method=LoginPage.Hi(java.lang.String, java.lang.String, java.lang.String, java.lang.String)[pri:0, instance:T1Page.SkillPage@15c43bd9] output={null}]
2020-07-05 13:27:50 INFO  TestBase:54 - Closing Browser
2020-07-05 13:27:52 INFO  TestBase:56 - Browser Closed
2020-07-05 13:27:52 INFO  TestBase:25 - Initiate Browser
2020-07-05 13:27:59 INFO  TestBase:31 - Browser Initiated
2020-07-05 13:28:05 INFO  TestBase:47 - Test name: Hi
2020-07-05 13:28:08 INFO  LoginPage:23 - VeryGood
2020-07-05 13:28:08 INFO  TestBase:61 - Executed test case name:Hi Execution Results : [TestResult name=Hi status=SUCCESS method=LoginPage.Hi(java.lang.String, java.lang.String, java.lang.String, java.lang.String)[pri:0, instance:T1Page.SkillPage@15c43bd9] output={null}]
2020-07-05 13:28:08 INFO  TestBase:54 - Closing Browser
2020-07-05 13:28:09 INFO  TestBase:56 - Browser Closed
2020-07-05 13:28:09 INFO  TestBase:25 - Initiate Browser
2020-07-05 13:28:17 INFO  TestBase:31 - Browser Initiated
2020-07-05 13:28:23 INFO  TestBase:47 - Test name: Hi
2020-07-05 13:28:25 INFO  LoginPage:23 - VeryGood
2020-07-05 13:28:25 INFO  TestBase:61 - Executed test case name:Hi Execution Results : [TestResult name=Hi status=SUCCESS method=LoginPage.Hi(java.lang.String, java.lang.String, java.lang.String, java.lang.String)[pri:0, instance:T1Page.SkillPage@15c43bd9] output={null}]
2020-07-05 13:28:25 INFO  TestBase:54 - Closing Browser
2020-07-05 13:28:27 INFO  TestBase:56 - Browser Closed
2020-07-05 13:30:23 INFO  Skill:21 - row = 4 columns = 4
2020-07-05 13:30:23 INFO  TestBase:25 - Initiate Browser
2020-07-05 13:30:32 INFO  TestBase:31 - Browser Initiated
2020-07-05 13:30:38 INFO  TestBase:47 - Test name: Hi
2020-07-05 13:30:39 INFO  LoginPage:28 - Required
2020-07-05 13:30:39 INFO  TestBase:61 - Executed test case name:Hi Execution Results : [TestResult name=Hi status=SUCCESS method=LoginPage.Hi(java.lang.String, java.lang.String, java.lang.String, java.lang.String)[pri:0, instance:T1Page.SkillPage@15c43bd9] output={null}]
2020-07-05 13:30:39 INFO  TestBase:54 - Closing Browser
2020-07-05 13:30:41 INFO  TestBase:56 - Browser Closed
2020-07-05 13:30:41 INFO  TestBase:25 - Initiate Browser
2020-07-05 13:39:39 INFO  Skill:21 - row = 4 columns = 4
2020-07-05 13:39:39 INFO  TestBase:25 - Initiate Browser
2020-07-05 13:39:47 INFO  TestBase:31 - Browser Initiated
2020-07-05 13:39:53 INFO  TestBase:47 - Test name: Hi
2020-07-05 13:39:54 INFO  SkillPage:14 - now starting Skill
2020-07-05 13:39:55 INFO  SkillPage:28 - Required
2020-07-05 13:39:55 INFO  TestBase:61 - Executed test case name:Hi Execution Results : [TestResult name=Hi status=SUCCESS method=SkillPage.Hi(java.lang.String, java.lang.String, java.lang.String, java.lang.String)[pri:0, instance:T1Page.SkillPage@4ac3c60d] output={null}]
2020-07-05 13:39:55 INFO  TestBase:54 - Closing Browser
2020-07-05 13:39:57 INFO  TestBase:56 - Browser Closed
2020-07-05 13:39:57 INFO  TestBase:25 - Initiate Browser
2020-07-05 13:40:05 INFO  TestBase:31 - Browser Initiated
2020-07-05 13:40:11 INFO  TestBase:47 - Test name: Hi
2020-07-05 13:40:11 INFO  SkillPage:14 - now starting Skill
2020-07-05 13:40:12 INFO  SkillPage:28 - Required
2020-07-05 13:40:12 INFO  TestBase:61 - Executed test case name:Hi Execution Results : [TestResult name=Hi status=SUCCESS method=SkillPage.Hi(java.lang.String, java.lang.String, java.lang.String, java.lang.String)[pri:0, instance:T1Page.SkillPage@4ac3c60d] output={null}]
2020-07-05 13:40:12 INFO  TestBase:54 - Closing Browser
2020-07-05 13:40:14 INFO  TestBase:56 - Browser Closed
2020-07-05 13:40:14 INFO  TestBase:25 - Initiate Browser
2020-07-05 13:40:21 INFO  TestBase:31 - Browser Initiated
2020-07-05 13:40:27 INFO  TestBase:47 - Test name: Hi
2020-07-05 13:40:27 INFO  SkillPage:14 - now starting Skill
2020-07-05 13:40:30 INFO  SkillPage:23 - VeryGood
2020-07-05 13:40:30 INFO  TestBase:61 - Executed test case name:Hi Execution Results : [TestResult name=Hi status=SUCCESS method=SkillPage.Hi(java.lang.String, java.lang.String, java.lang.String, java.lang.String)[pri:0, instance:T1Page.SkillPage@4ac3c60d] output={null}]
2020-07-05 13:40:30 INFO  TestBase:54 - Closing Browser
2020-07-05 13:40:31 INFO  TestBase:56 - Browser Closed
2020-07-05 13:40:31 INFO  TestBase:25 - Initiate Browser
2020-07-05 13:40:39 INFO  TestBase:31 - Browser Initiated
2020-07-05 13:40:45 INFO  TestBase:47 - Test name: Hi
2020-07-05 13:40:45 INFO  SkillPage:14 - now starting Skill
2020-07-05 13:40:47 INFO  SkillPage:23 - VeryGood
2020-07-05 13:40:47 INFO  TestBase:61 - Executed test case name:Hi Execution Results : [TestResult name=Hi status=SUCCESS method=SkillPage.Hi(java.lang.String, java.lang.String, java.lang.String, java.lang.String)[pri:0, instance:T1Page.SkillPage@4ac3c60d] output={null}]
2020-07-05 13:40:47 INFO  TestBase:54 - Closing Browser
2020-07-05 13:40:49 INFO  TestBase:56 - Browser Closed
2020-07-05 13:40:49 INFO  TestBase:25 - Initiate Browser
2020-07-05 13:40:57 INFO  TestBase:31 - Browser Initiated
2020-07-05 13:41:03 INFO  TestBase:47 - Test name: Delete
2020-07-05 13:41:05 INFO  TestBase:61 - Executed test case name:Delete Execution Results : [TestResult name=Delete status=SUCCESS method=SkillPage.Delete()[pri:1, instance:T1Page.SkillPage@4ac3c60d] output={null}]
2020-07-05 13:41:05 INFO  TestBase:54 - Closing Browser
2020-07-05 13:41:06 INFO  TestBase:56 - Browser Closed
